[0.068s] colcon DEBUG Command line arguments: ['/usr/bin/colcon', 'list', '-p', '--base-paths', '/home/tduvinage/devel/sandbox/mc_manus_plugin', '--log-base', '/dev/null']
[0.068s] colcon DEBUG Parsed command line arguments: Namespace(log_base=None, log_level=None, verb_name='list', build_base='build', ignore_user_meta=False, metas=['./colcon.meta'], base_paths=['/home/tduvinage/devel/sandbox/mc_manus_plugin', '--log-base', '/dev/null'], packages_ignore=None, packages_ignore_regex=None, paths=None, packages_up_to=None, packages_up_to_regex=None, packages_above=None, packages_above_and_dependencies=None, packages_above_depth=None, packages_select_by_dep=None, packages_skip_by_dep=None, packages_skip_up_to=None, packages_select_build_failed=False, packages_skip_build_finished=False, packages_select_test_failures=False, packages_skip_test_passed=False, packages_select=None, packages_skip=None, packages_select_regex=None, packages_skip_regex=None, packages_start=None, packages_end=None, allow_overriding=[], topological_order=False, names_only=False, paths_only=True, topological_graph=False, topological_graph_dot=False, topological_graph_density=False, topological_graph_legend=False, topological_graph_dot_cluster=False, topological_graph_dot_include_skipped=False, verb_parser=<colcon_defaults.argument_parser.defaults.DefaultArgumentsDecorator object at 0x7c5269c67c70>, verb_extension=<colcon_package_information.verb.list.ListVerb object at 0x7c5269c66f20>, main=<bound method ListVerb.main of <colcon_package_information.verb.list.ListVerb object at 0x7c5269c66f20>>)
[0.105s] colcon.colcon_core.package_discovery Level 1 discover_packages(colcon_meta) check parameters
[0.105s] colcon.colcon_core.package_discovery Level 1 discover_packages(recursive) check parameters
[0.105s] colcon.colcon_core.package_discovery Level 1 discover_packages(ignore) check parameters
[0.105s] colcon.colcon_core.package_discovery Level 1 discover_packages(path) check parameters
[0.105s] colcon.colcon_core.package_discovery Level 1 discover_packages(recursive) discover
[0.105s] colcon.colcon_core.package_discovery INFO Crawling recursively for packages in '/home/tduvinage/devel/sandbox/mc_manus_plugin', '/home/tduvinage/devel/sandbox/mc_manus_plugin/--log-base', '/dev/null'
[0.105s] colcon.colcon_core.package_identification Level 1 _identify(/home/tduvinage/devel/sandbox/mc_manus_plugin) by extensions ['ignore', 'ignore_ament_install']
[0.105s] colcon.colcon_core.package_identification Level 1 _identify(/home/tduvinage/devel/sandbox/mc_manus_plugin) by extension 'ignore'
[0.105s] colcon.colcon_core.package_identification Level 1 _identify(/home/tduvinage/devel/sandbox/mc_manus_plugin) by extension 'ignore_ament_install'
[0.105s] colcon.colcon_core.package_identification Level 1 _identify(/home/tduvinage/devel/sandbox/mc_manus_plugin) by extensions ['colcon_pkg']
[0.105s] colcon.colcon_core.package_identification Level 1 _identify(/home/tduvinage/devel/sandbox/mc_manus_plugin) by extension 'colcon_pkg'
[0.105s] colcon.colcon_core.package_identification Level 1 _identify(/home/tduvinage/devel/sandbox/mc_manus_plugin) by extensions ['colcon_meta']
[0.105s] colcon.colcon_core.package_identification Level 1 _identify(/home/tduvinage/devel/sandbox/mc_manus_plugin) by extension 'colcon_meta'
[0.105s] colcon.colcon_core.package_identification Level 1 _identify(/home/tduvinage/devel/sandbox/mc_manus_plugin) by extensions ['ros']
[0.105s] colcon.colcon_core.package_identification Level 1 _identify(/home/tduvinage/devel/sandbox/mc_manus_plugin) by extension 'ros'
[0.117s] colcon.colcon_core.package_identification Level 1 _identify(/home/tduvinage/devel/sandbox/mc_manus_plugin) by extensions ['cmake', 'python']
[0.117s] colcon.colcon_core.package_identification Level 1 _identify(/home/tduvinage/devel/sandbox/mc_manus_plugin) by extension 'cmake'
[0.118s] colcon.colcon_core.package_identification Level 1 _identify(/home/tduvinage/devel/sandbox/mc_manus_plugin) by extension 'python'
[0.118s] colcon.colcon_core.package_identification DEBUG Package '/home/tduvinage/devel/sandbox/mc_manus_plugin' with type 'cmake' and name 'NewPlugin'
[0.118s] colcon.colcon_core.package_discovery Level 1 discover_packages(recursive) using defaults
